{
  "RSpec": {
    "coverage": {
      "/Users/Vader1359/myProjects/web/ruby-final-project/boo/spec/models/like_spec.rb": [
        1,
        null,
        null,
        1,
        1,
        1,
        2,
        2,
        2,
        null,
        null,
        null,
        null,
        null,
        null,
        null,
        null
      ],
      "/Users/Vader1359/myProjects/web/ruby-final-project/boo/spec/rails_helper.rb": [
        null,
        1,
        1,
        1,
        null,
        1,
        1,
        null,
        1,
        1,
        null,
        null,
        null,
        null,
        null,
        null,
        null,
        null,
        null,
        null,
        null,
        null,
        null,
        null,
        null,
        null,
        null,
        null,
        null,
        1,
        null,
        1,
        null,
        null,
        1,
        1,
        1,
        null,
        null,
        null,
        1,
        3,
        3,
        null,
        null,
        null,
        null,
        null,
        1,
        null,
        null,
        null,
        null,
        1,
        null,
        null,
        null,
        null,
        null,
        null,
        null,
        null,
        null,
        null,
        null,
        null,
        null,
        null,
        1,
        null,
        null,
        1,
        null,
        null,
        null,
        null,
        1,
        1,
        null,
        1,
        null,
        null,
        1,
        null,
        null,
        null
      ],
      "/Users/Vader1359/myProjects/web/ruby-final-project/boo/config/environment.rb": [
        null,
        1,
        null,
        null,
        1
      ],
      "/Users/Vader1359/myProjects/web/ruby-final-project/boo/config/application.rb": [
        1,
        null,
        1,
        null,
        null,
        null,
        1,
        null,
        1,
        1,
        null,
        1,
        null,
        null,
        null,
        null,
        1,
        1,
        1,
        null,
        null,
        null
      ],
      "/Users/Vader1359/myProjects/web/ruby-final-project/boo/config/boot.rb": [
        1,
        null,
        1
      ],
      "/Users/Vader1359/myProjects/web/ruby-final-project/boo/config/environments/test.rb": [
        1,
        null,
        null,
        null,
        null,
        null,
        null,
        1,
        null,
        null,
        null,
        null,
        1,
        null,
        null,
        1,
        1,
        null,
        null,
        null,
        null,
        1,
        1,
        null,
        null,
        1,
        null,
        null,
        1,
        1,
        null,
        null,
        null,
        null,
        1,
        null,
        null,
        1,
        null,
        null,
        null,
        null
      ],
      "/Users/Vader1359/myProjects/web/ruby-final-project/boo/config/initializers/application_controller_renderer.rb": [
        null,
        null,
        null,
        null,
        null,
        null
      ],
      "/Users/Vader1359/myProjects/web/ruby-final-project/boo/config/initializers/assets.rb": [
        null,
        null,
        null,
        1,
        null,
        null,
        null,
        null,
        1,
        null,
        null,
        null,
        null,
        null
      ],
      "/Users/Vader1359/myProjects/web/ruby-final-project/boo/config/initializers/backtrace_silencers.rb": [
        null,
        null,
        null,
        null,
        null,
        null,
        null
      ],
      "/Users/Vader1359/myProjects/web/ruby-final-project/boo/config/initializers/cookies_serializer.rb": [
        null,
        null,
        null,
        null,
        1
      ],
      "/Users/Vader1359/myProjects/web/ruby-final-project/boo/config/initializers/devise.rb": [
        null,
        null,
        1,
        null,
        null,
        null,
        null,
        null,
        null,
        null,
        null,
        null,
        null,
        null,
        1,
        null,
        null,
        null,
        null,
        null,
        null,
        null,
        null,
        null,
        null,
        null,
        1,
        null,
        null,
        null,
        null,
        null,
        null,
        null,
        null,
        null,
        null,
        null,
        null,
        null,
        null,
        null,
        null,
        null,
        null,
        null,
        null,
        null,
        1,
        null,
        null,
        null,
        null,
        1,
        null,
        null,
        null,
        null,
        null,
        null,
        null,
        null,
        null,
        null,
        null,
        null,
        null,
        null,
        null,
        null,
        null,
        null,
        null,
        null,
        null,
        null,
        null,
        null,
        null,
        null,
        null,
        null,
        null,
        null,
        1,
        null,
        null,
        null,
        null,
        null,
        null,
        null,
        null,
        null,
        null,
        null,
        null,
        null,
        null,
        null,
        null,
        null,
        null,
        null,
        null,
        null,
        null,
        1,
        null,
        null,
        null,
        null,
        null,
        null,
        null,
        null,
        null,
        null,
        null,
        null,
        null,
        null,
        null,
        null,
        null,
        null,
        null,
        null,
        null,
        null,
        null,
        null,
        null,
        null,
        null,
        null,
        null,
        null,
        1,
        null,
        null,
        null,
        null,
        null,
        null,
        null,
        null,
        null,
        1,
        null,
        null,
        null,
        null,
        null,
        null,
        null,
        null,
        null,
        null,
        1,
        null,
        null,
        null,
        null,
        1,
        null,
        null,
        null,
        null,
        null,
        null,
        null,
        null,
        null,
        null,
        null,
        null,
        null,
        null,
        null,
        null,
        null,
        null,
        null,
        null,
        null,
        null,
        null,
        null,
        null,
        null,
        null,
        null,
        null,
        null,
        null,
        null,
        null,
        null,
        null,
        null,
        null,
        null,
        null,
        null,
        1,
        null,
        null,
        null,
        null,
        null,
        null,
        null,
        null,
        null,
        null,
        null,
        null,
        null,
        null,
        null,
        null,
        null,
        null,
        null,
        null,
        null,
        null,
        null,
        null,
        null,
        null,
        null,
        null,
        null,
        null,
        null,
        null,
        null,
        null,
        null,
        null,
        null,
        null,
        null,
        null,
        null,
        1,
        null,
        null,
        null,
        null,
        null,
        null,
        null,
        null,
        null,
        null,
        null,
        null,
        null,
        null,
        null,
        null,
        null,
        null,
        null,
        null,
        null,
        null,
        null,
        null,
        null,
        null,
        null,
        null,
        null
      ],
      "/Users/Vader1359/myProjects/web/ruby-final-project/boo/config/initializers/filter_parameter_logging.rb": [
        null,
        null,
        null,
        1
      ],
      "/Users/Vader1359/myProjects/web/ruby-final-project/boo/config/initializers/inflections.rb": [
        null,
        null,
        null,
        null,
        null,
        null,
        null,
        null,
        null,
        null,
        null,
        null,
        null,
        null,
        null,
        null
      ],
      "/Users/Vader1359/myProjects/web/ruby-final-project/boo/config/initializers/mime_types.rb": [
        null,
        null,
        null,
        null
      ],
      "/Users/Vader1359/myProjects/web/ruby-final-project/boo/config/initializers/wrap_parameters.rb": [
        null,
        null,
        null,
        null,
        null,
        null,
        1,
        2,
        null,
        null,
        null,
        null,
        null,
        null
      ],
      "/Users/Vader1359/myProjects/web/ruby-final-project/boo/config/routes.rb": [
        1,
        1,
        null,
        1,
        1,
        null,
        null,
        null,
        1,
        null,
        null,
        null,
        null,
        null,
        1,
        1,
        null
      ],
      "/Users/Vader1359/myProjects/web/ruby-final-project/boo/app/models/user.rb": [
        1,
        null,
        null,
        1,
        null,
        null,
        1,
        null,
        null,
        null
      ],
      "/Users/Vader1359/myProjects/web/ruby-final-project/boo/app/models/application_record.rb": [
        1,
        1,
        null
      ],
      "/Users/Vader1359/myProjects/web/ruby-final-project/boo/spec/factories/comments.rb": [
        1,
        1,
        1,
        1,
        1,
        1,
        null,
        null,
        null
      ],
      "/Users/Vader1359/myProjects/web/ruby-final-project/boo/spec/factories/designs.rb": [
        1,
        1,
        1,
        1,
        1,
        null,
        null
      ],
      "/Users/Vader1359/myProjects/web/ruby-final-project/boo/spec/factories/likes.rb": [
        1,
        1,
        1,
        null,
        null,
        null
      ],
      "/Users/Vader1359/myProjects/web/ruby-final-project/boo/spec/factories/user.rb": [
        1,
        1,
        1,
        1,
        1,
        null,
        null
      ],
      "/Users/Vader1359/myProjects/web/ruby-final-project/boo/spec/factories/views.rb": [
        null,
        null,
        null,
        null,
        null
      ],
      "/Users/Vader1359/myProjects/web/ruby-final-project/boo/app/helpers/application_helper.rb": [
        1,
        null
      ],
      "/Users/Vader1359/myProjects/web/ruby-final-project/boo/app/helpers/home_helper.rb": [
        1,
        null
      ],
      "/Users/Vader1359/myProjects/web/ruby-final-project/boo/app/helpers/image_helper.rb": [
        1,
        null
      ],
      "/Users/Vader1359/myProjects/web/ruby-final-project/boo/app/helpers/images_helper.rb": [
        1,
        null
      ],
      "/Users/Vader1359/myProjects/web/ruby-final-project/boo/app/helpers/users_helper.rb": [
        1,
        null
      ],
      "/Users/Vader1359/myProjects/web/ruby-final-project/boo/app/models/like.rb": [
        1,
        1,
        null
      ]
    },
    "timestamp": 1504695248
  }
}
