{
  "RSpec": {
    "coverage": {
      "/Users/Vader1359/myProjects/web/ruby-final-project/boo/spec/controllers/home_controller_spec.rb": [
        1,
        null,
        1,
        null,
        1,
        1,
        1,
        1,
        null,
        null,
        null,
        null
      ],
      "/Users/Vader1359/myProjects/web/ruby-final-project/boo/spec/rails_helper.rb": [
        null,
        1,
        1,
        1,
        null,
        1,
        1,
        null,
        1,
        1,
        null,
        null,
        null,
        null,
        null,
        null,
        null,
        null,
        null,
        null,
        null,
        null,
        null,
        null,
        null,
        null,
        null,
        null,
        null,
        1,
        null,
        1,
        null,
        null,
        1,
        1,
        1,
        null,
        null,
        null,
        1,
        27,
        27,
        null,
        null,
        null,
        null,
        null,
        1,
        null,
        null,
        null,
        null,
        1,
        null,
        null,
        null,
        null,
        null,
        null,
        null,
        null,
        null,
        null,
        null,
        null,
        null,
        null,
        1,
        null,
        null,
        1,
        null,
        null,
        null,
        null,
        1,
        1,
        null,
        1,
        null,
        null,
        1,
        null,
        null,
        null
      ],
      "/Users/Vader1359/myProjects/web/ruby-final-project/boo/config/environment.rb": [
        null,
        1,
        null,
        null,
        1
      ],
      "/Users/Vader1359/myProjects/web/ruby-final-project/boo/config/application.rb": [
        1,
        null,
        1,
        null,
        null,
        null,
        1,
        null,
        1,
        1,
        null,
        1,
        null,
        null,
        null,
        null,
        1,
        1,
        1,
        null,
        null,
        null
      ],
      "/Users/Vader1359/myProjects/web/ruby-final-project/boo/config/boot.rb": [
        1,
        null,
        1
      ],
      "/Users/Vader1359/myProjects/web/ruby-final-project/boo/config/spring.rb": [
        null,
        null,
        null,
        null,
        null,
        5
      ],
      "/Users/Vader1359/myProjects/web/ruby-final-project/boo/config/environments/test.rb": [
        1,
        null,
        null,
        null,
        null,
        null,
        null,
        1,
        null,
        null,
        null,
        null,
        1,
        null,
        null,
        1,
        1,
        null,
        null,
        null,
        null,
        1,
        1,
        null,
        null,
        1,
        null,
        null,
        1,
        1,
        null,
        null,
        null,
        null,
        1,
        null,
        null,
        1,
        null,
        null,
        null,
        null
      ],
      "/Users/Vader1359/myProjects/web/ruby-final-project/boo/config/initializers/application_controller_renderer.rb": [
        null,
        null,
        null,
        null,
        null,
        null
      ],
      "/Users/Vader1359/myProjects/web/ruby-final-project/boo/config/initializers/assets.rb": [
        null,
        null,
        null,
        1,
        null,
        null,
        null,
        null,
        1,
        null,
        null,
        null,
        null,
        null
      ],
      "/Users/Vader1359/myProjects/web/ruby-final-project/boo/config/initializers/backtrace_silencers.rb": [
        null,
        null,
        null,
        null,
        null,
        null,
        null
      ],
      "/Users/Vader1359/myProjects/web/ruby-final-project/boo/config/initializers/cookies_serializer.rb": [
        null,
        null,
        null,
        null,
        1
      ],
      "/Users/Vader1359/myProjects/web/ruby-final-project/boo/config/initializers/devise.rb": [
        null,
        null,
        1,
        null,
        null,
        null,
        null,
        null,
        null,
        null,
        null,
        null,
        null,
        null,
        1,
        null,
        null,
        null,
        null,
        null,
        null,
        null,
        null,
        null,
        null,
        null,
        1,
        null,
        null,
        null,
        null,
        null,
        null,
        null,
        null,
        null,
        null,
        null,
        null,
        null,
        null,
        null,
        null,
        null,
        null,
        null,
        null,
        null,
        1,
        null,
        null,
        null,
        null,
        1,
        null,
        null,
        null,
        null,
        null,
        null,
        null,
        null,
        null,
        null,
        null,
        null,
        null,
        null,
        null,
        null,
        null,
        null,
        null,
        null,
        null,
        null,
        null,
        null,
        null,
        null,
        null,
        null,
        null,
        null,
        1,
        null,
        null,
        null,
        null,
        null,
        null,
        null,
        null,
        null,
        null,
        null,
        null,
        null,
        null,
        null,
        null,
        null,
        null,
        null,
        null,
        null,
        null,
        1,
        null,
        null,
        null,
        null,
        null,
        null,
        null,
        null,
        null,
        null,
        null,
        null,
        null,
        null,
        null,
        null,
        null,
        null,
        null,
        null,
        null,
        null,
        null,
        null,
        null,
        null,
        null,
        null,
        null,
        null,
        1,
        null,
        null,
        null,
        null,
        null,
        null,
        null,
        null,
        null,
        1,
        null,
        null,
        null,
        null,
        null,
        null,
        null,
        null,
        null,
        null,
        1,
        null,
        null,
        null,
        null,
        1,
        null,
        null,
        null,
        null,
        null,
        null,
        null,
        null,
        null,
        null,
        null,
        null,
        null,
        null,
        null,
        null,
        null,
        null,
        null,
        null,
        null,
        null,
        null,
        null,
        null,
        null,
        null,
        null,
        null,
        null,
        null,
        null,
        null,
        null,
        null,
        null,
        null,
        null,
        null,
        null,
        1,
        null,
        null,
        null,
        null,
        null,
        null,
        null,
        null,
        null,
        null,
        null,
        null,
        null,
        null,
        null,
        null,
        null,
        null,
        null,
        null,
        null,
        null,
        null,
        null,
        null,
        null,
        null,
        null,
        null,
        null,
        null,
        null,
        null,
        null,
        null,
        null,
        null,
        null,
        null,
        null,
        null,
        1,
        null,
        null,
        null,
        null,
        null,
        null,
        null,
        null,
        null,
        null,
        null,
        null,
        null,
        null,
        null,
        null,
        null,
        null,
        null,
        null,
        null,
        null,
        null,
        null,
        null,
        null,
        null,
        null,
        null
      ],
      "/Users/Vader1359/myProjects/web/ruby-final-project/boo/config/initializers/filter_parameter_logging.rb": [
        null,
        null,
        null,
        1
      ],
      "/Users/Vader1359/myProjects/web/ruby-final-project/boo/config/initializers/inflections.rb": [
        null,
        null,
        null,
        null,
        null,
        null,
        null,
        null,
        null,
        null,
        null,
        null,
        null,
        null,
        null,
        null
      ],
      "/Users/Vader1359/myProjects/web/ruby-final-project/boo/config/initializers/mime_types.rb": [
        null,
        null,
        null,
        null
      ],
      "/Users/Vader1359/myProjects/web/ruby-final-project/boo/config/initializers/wrap_parameters.rb": [
        null,
        null,
        null,
        null,
        null,
        null,
        1,
        2,
        null,
        null,
        null,
        null,
        null,
        null
      ],
      "/Users/Vader1359/myProjects/web/ruby-final-project/boo/config/routes.rb": [
        1,
        1,
        null,
        1,
        1,
        null,
        null,
        null,
        1,
        null,
        null,
        null,
        null,
        null,
        1,
        1,
        null
      ],
      "/Users/Vader1359/myProjects/web/ruby-final-project/boo/app/models/user.rb": [
        1,
        null,
        null,
        1,
        null,
        null,
        1,
        1,
        1,
        1,
        null,
        null,
        null
      ],
      "/Users/Vader1359/myProjects/web/ruby-final-project/boo/app/models/application_record.rb": [
        1,
        1,
        null
      ],
      "/Users/Vader1359/myProjects/web/ruby-final-project/boo/spec/factories/comments.rb": [
        1,
        1,
        1,
        1,
        1,
        1,
        null,
        null,
        null
      ],
      "/Users/Vader1359/myProjects/web/ruby-final-project/boo/spec/factories/designs.rb": [
        1,
        1,
        1,
        1,
        1,
        null,
        null
      ],
      "/Users/Vader1359/myProjects/web/ruby-final-project/boo/spec/factories/likes.rb": [
        1,
        1,
        1,
        null,
        null,
        null
      ],
      "/Users/Vader1359/myProjects/web/ruby-final-project/boo/spec/factories/user.rb": [
        1,
        1,
        1,
        1,
        1,
        null,
        null
      ],
      "/Users/Vader1359/myProjects/web/ruby-final-project/boo/spec/factories/views.rb": [
        1,
        1,
        1,
        null,
        null,
        null
      ],
      "/Users/Vader1359/myProjects/web/ruby-final-project/boo/app/helpers/application_helper.rb": [
        1,
        null
      ],
      "/Users/Vader1359/myProjects/web/ruby-final-project/boo/app/helpers/home_helper.rb": [
        1,
        null
      ],
      "/Users/Vader1359/myProjects/web/ruby-final-project/boo/app/helpers/image_helper.rb": [
        1,
        null
      ],
      "/Users/Vader1359/myProjects/web/ruby-final-project/boo/app/helpers/images_helper.rb": [
        1,
        null
      ],
      "/Users/Vader1359/myProjects/web/ruby-final-project/boo/app/helpers/users_helper.rb": [
        1,
        null
      ],
      "/Users/Vader1359/myProjects/web/ruby-final-project/boo/app/controllers/home_controller.rb": [
        1,
        1,
        5,
        5,
        5,
        5,
        5,
        5,
        5,
        245,
        null,
        null,
        1,
        null,
        0,
        0,
        0,
        0,
        0,
        null,
        null
      ],
      "/Users/Vader1359/myProjects/web/ruby-final-project/boo/app/controllers/application_controller.rb": [
        1,
        1,
        null
      ],
      "/Users/Vader1359/myProjects/web/ruby-final-project/boo/spec/controllers/users_controller_spec.rb": [
        1,
        null,
        1,
        null,
        null
      ],
      "/Users/Vader1359/myProjects/web/ruby-final-project/boo/app/controllers/users_controller.rb": [
        1,
        1,
        null,
        null
      ],
      "/Users/Vader1359/myProjects/web/ruby-final-project/boo/spec/helpers/home_helper_spec.rb": [
        1,
        null,
        null,
        null,
        null,
        null,
        null,
        null,
        null,
        null,
        null,
        null,
        1,
        null,
        null
      ],
      "/Users/Vader1359/myProjects/web/ruby-final-project/boo/spec/helpers/users_helper_spec.rb": [
        1,
        null,
        null,
        null,
        null,
        null,
        null,
        null,
        null,
        null,
        null,
        null,
        1,
        null,
        null
      ],
      "/Users/Vader1359/myProjects/web/ruby-final-project/boo/spec/models/comment_spec.rb": [
        1,
        null,
        null,
        1,
        null,
        1,
        1,
        2,
        2,
        2,
        null,
        null,
        null,
        null,
        1,
        1,
        2,
        2,
        2,
        null,
        null,
        null,
        null,
        null,
        null,
        null,
        null,
        null,
        null
      ],
      "/Users/Vader1359/myProjects/web/ruby-final-project/boo/app/models/comment.rb": [
        1,
        1,
        1,
        1,
        null,
        1,
        1,
        1,
        null,
        null,
        1,
        null,
        null,
        null,
        null,
        null,
        1,
        null
      ],
      "/Users/Vader1359/myProjects/web/ruby-final-project/boo/spec/models/design_spec.rb": [
        1,
        null,
        null,
        1,
        null,
        null,
        1,
        1,
        2,
        2,
        null,
        null,
        null,
        null,
        null,
        1,
        1,
        2,
        2,
        2,
        2,
        null,
        null,
        null,
        null,
        null,
        null,
        null,
        null,
        null,
        null
      ],
      "/Users/Vader1359/myProjects/web/ruby-final-project/boo/app/models/design.rb": [
        1,
        1,
        1,
        null,
        1,
        1,
        1,
        1,
        null
      ],
      "/Users/Vader1359/myProjects/web/ruby-final-project/boo/spec/models/like_spec.rb": [
        1,
        null,
        null,
        1,
        null,
        1,
        1,
        2,
        null,
        null,
        null,
        null,
        1,
        1,
        2,
        2,
        null,
        null,
        null,
        null,
        null,
        null,
        null,
        null,
        null,
        null
      ],
      "/Users/Vader1359/myProjects/web/ruby-final-project/boo/app/models/like.rb": [
        1,
        1,
        null,
        1,
        1,
        null,
        null
      ],
      "/Users/Vader1359/myProjects/web/ruby-final-project/boo/spec/models/user_spec.rb": [
        1,
        null,
        1,
        null,
        null,
        null,
        null,
        null,
        1,
        1,
        2,
        2,
        2,
        2,
        null,
        null,
        null,
        null,
        null,
        null,
        null,
        null
      ],
      "/Users/Vader1359/myProjects/web/ruby-final-project/boo/spec/models/view_spec.rb": [
        1,
        null,
        1,
        null,
        null,
        null,
        1,
        1,
        2,
        2,
        null,
        null,
        null
      ],
      "/Users/Vader1359/myProjects/web/ruby-final-project/boo/app/models/view.rb": [
        1,
        1,
        1,
        null
      ],
      "/Users/Vader1359/myProjects/web/ruby-final-project/boo/spec/requests/behance_spec.rb": [
        1,
        null,
        1,
        1,
        5,
        5,
        5,
        5,
        null,
        null,
        1,
        1,
        null,
        null,
        5,
        null,
        1,
        1,
        null,
        null,
        1,
        1,
        0,
        0,
        0,
        null,
        null,
        1,
        1,
        0,
        0,
        0,
        0,
        0,
        0,
        0,
        0,
        0,
        null,
        null,
        null,
        1,
        1,
        0,
        0,
        0,
        0,
        null,
        null,
        null,
        null,
        null,
        null,
        1,
        1,
        1,
        null,
        1,
        1,
        1,
        1,
        1,
        1,
        1,
        1,
        null,
        null,
        1,
        1,
        0,
        0,
        0,
        0,
        0,
        null,
        null,
        null,
        null,
        null,
        null,
        null
      ],
      "/Users/Vader1359/myProjects/web/ruby-final-project/boo/spec/views/home/index.html.erb_spec.rb": [
        1,
        null,
        1,
        null
      ]
    },
    "timestamp": 1504840311
  }
}
